<?xml version='1.0' encoding='UTF-8' ?>
<testsuite name="com.example.dogglers.ButtonTests" tests="6" failures="1" errors="0" skipped="0" time="9.315" timestamp="2022-11-24T11:00:54" hostname="localhost">
  <properties>
    <property name="device" value="Pixel_XL_API_33(AVD) - 13" />
    <property name="flavor" value="" />
    <property name="project" value=":app" />
  </properties>
  <testcase name="grid_list_button_is_displayed" classname="com.example.dogglers.ButtonTests" time="1.045" />
  <testcase name="clicking_horizontal_list_button_displays_horizontal_list" classname="com.example.dogglers.ButtonTests" time="1.057">
    <failure>androidx.test.espresso.base.DefaultFailureHandler$AssertionFailedWithCauseError: '(view has effective visibility &lt;VISIBLE&gt; and view.getGlobalVisibleRect() to return non-empty rectangle)' doesn't match the selected view.
Expected: (view has effective visibility &lt;VISIBLE&gt; and view.getGlobalVisibleRect() to return non-empty rectangle)
Got: view.getGlobalVisibleRect() returned empty rectangle
View Details: RecyclerView{id=2131230945, res-name=horizontal_recycler_view, visibility=VISIBLE, width=1440, height=0, has-focus=false, has-focusable=true, has-window-focus=true, is-clickable=false, is-enabled=true, is-focused=false, is-focusable=true, is-layout-requested=false, is-selected=false, layout-params=android.widget.FrameLayout$LayoutParams&#64;3f9a829, tag=null, root-is-layout-requested=false, has-input-connection=false, x=0.0, y=1098.0, child-count=0}

at dalvik.system.VMStack.getThreadStackTrace(Native Method)
at java.lang.Thread.getStackTrace(Thread.java:1841)
at androidx.test.espresso.base.DefaultFailureHandler.getUserFriendlyError(DefaultFailureHandler.java:12)
at androidx.test.espresso.base.DefaultFailureHandler.handle(DefaultFailureHandler.java:7)
at androidx.test.espresso.ViewInteraction.waitForAndHandleInteractionResults(ViewInteraction.java:5)
at androidx.test.espresso.ViewInteraction.check(ViewInteraction.java:12)
at com.example.dogglers.ButtonTests.clicking_horizontal_list_button_displays_horizontal_list(ButtonTests.kt:61)
... 29 trimmed
Caused by: junit.framework.AssertionFailedError: '(view has effective visibility &lt;VISIBLE&gt; and view.getGlobalVisibleRect() to return non-empty rectangle)' doesn't match the selected view.
Expected: (view has effective visibility &lt;VISIBLE&gt; and view.getGlobalVisibleRect() to return non-empty rectangle)
Got: view.getGlobalVisibleRect() returned empty rectangle
View Details: RecyclerView{id=2131230945, res-name=horizontal_recycler_view, visibility=VISIBLE, width=1440, height=0, has-focus=false, has-focusable=true, has-window-focus=true, is-clickable=false, is-enabled=true, is-focused=false, is-focusable=true, is-layout-requested=false, is-selected=false, layout-params=android.widget.FrameLayout$LayoutParams&#64;3f9a829, tag=null, root-is-layout-requested=false, has-input-connection=false, x=0.0, y=1098.0, child-count=0}

at androidx.test.espresso.matcher.ViewMatchers.assertThat(ViewMatchers.java:16)
at androidx.test.espresso.assertion.ViewAssertions$MatchesViewAssertion.check(ViewAssertions.java:11)
at androidx.test.espresso.ViewInteraction$SingleExecutionViewAssertion.check(ViewInteraction.java:2)
at androidx.test.espresso.ViewInteraction$2.call(ViewInteraction.java:12)
at androidx.test.espresso.ViewInteraction$2.call(ViewInteraction.java:1)
at java.util.concurrent.FutureTask.run(FutureTask.java:264)
at android.os.Handler.handleCallback(Handler.java:942)
at android.os.Handler.dispatchMessage(Handler.java:99)
at android.os.Looper.loopOnce(Looper.java:201)
at android.os.Looper.loop(Looper.java:288)
at android.app.ActivityThread.main(ActivityThread.java:7898)
at java.lang.reflect.Method.invoke(Native Method)
at com.android.internal.os.RuntimeInit$MethodAndArgsCaller.run(RuntimeInit.java:548)
at com.android.internal.os.ZygoteInit.main(ZygoteInit.java:936)</failure>
  </testcase>
  <testcase name="clicking_grid_list_button_displays_grid_list" classname="com.example.dogglers.ButtonTests" time="0.896" />
  <testcase name="clicking_vertical_list_button_displays_vertical_list" classname="com.example.dogglers.ButtonTests" time="1.095" />
  <testcase name="horizontal_list_button_is_displayed" classname="com.example.dogglers.ButtonTests" time="1.155" />
  <testcase name="vertical_list_button_is_displayed" classname="com.example.dogglers.ButtonTests" time="1.181" />
</testsuite>